[debug] [2021-05-26T11:40:56.844Z] ----------------------------------------------------------------------
[debug] [2021-05-26T11:40:56.849Z] Command:       /usr/bin/node /usr/local/bin/firebase login
[debug] [2021-05-26T11:40:56.850Z] CLI Version:   9.11.0
[debug] [2021-05-26T11:40:56.850Z] Platform:      linux
[debug] [2021-05-26T11:40:56.850Z] Node Version:  v10.19.0
[debug] [2021-05-26T11:40:57.075Z] Time:          Wed May 26 2021 13:40:56 GMT+0200 (heure d’été d’Europe centrale)
[debug] [2021-05-26T11:40:57.076Z] ----------------------------------------------------------------------
[debug] 
[debug] [2021-05-26T11:40:57.082Z] >>> [apiv2][query] GET https://firebase-public.firebaseio.com/cli.json [none]
[info] i  Firebase optionally collects CLI usage and error reporting information to help improve our products. Data is collected in accordance with Google's privacy policy (https://policies.google.com/privacy) and is not used to identify you.
 
[debug] [2021-05-26T11:40:58.885Z] <<< [apiv2][status] GET https://firebase-public.firebaseio.com/cli.json 200
[debug] [2021-05-26T11:40:58.886Z] <<< [apiv2][body] GET https://firebase-public.firebaseio.com/cli.json {"cloudBuildErrorAfter":1594252800000,"cloudBuildWarnAfter":1590019200000,"defaultNode10After":1594252800000,"minVersion":"3.0.5","node8DeploysDisabledAfter":1613390400000,"node8RuntimeDisabledAfter":1615809600000,"node8WarnAfter":1600128000000}
[debug] [2021-05-26T11:41:44.900Z] ----------------------------------------------------------------------
[debug] [2021-05-26T11:41:44.904Z] Command:       /usr/bin/node /usr/local/bin/firebase login
[debug] [2021-05-26T11:41:44.904Z] CLI Version:   9.11.0
[debug] [2021-05-26T11:41:44.905Z] Platform:      linux
[debug] [2021-05-26T11:41:44.905Z] Node Version:  v10.19.0
[debug] [2021-05-26T11:41:44.905Z] Time:          Wed May 26 2021 13:41:44 GMT+0200 (heure d’été d’Europe centrale)
[debug] [2021-05-26T11:41:44.905Z] ----------------------------------------------------------------------
[debug] 
[info] i  Firebase optionally collects CLI usage and error reporting information to help improve our products. Data is collected in accordance with Google's privacy policy (https://policies.google.com/privacy) and is not used to identify you.
 
[info] i  To change your data collection preference at any time, run `firebase logout` and log in again. 
[info] 
[info] Visit this URL on this device to log in:
[info] https://accounts.google.com/o/oauth2/auth?client_id=563584335869-fgrhgmd47bqnekij5i8b5pr03ho849e6.apps.googleusercontent.com&scope=email%20openid%20https%3A%2F%2Fwww.googleapis.com%2Fauth%2Fcloudplatformprojects.readonly%20https%3A%2F%2Fwww.googleapis.com%2Fauth%2Ffirebase%20https%3A%2F%2Fwww.googleapis.com%2Fauth%2Fcloud-platform&response_type=code&state=594014449&redirect_uri=http%3A%2F%2Flocalhost%3A9005
[info] 
[info] Waiting for authentication...
